Started by GitHub push by Gunjan-dev
Obtained Jenkinsfile from git https://github.com/Gunjan-dev/batch10-1.git
Running in Durability level: MAX_SURVIVABILITY
[Pipeline] Start of Pipeline
[Pipeline] node
Running on Jenkins in /var/lib/jenkins/workspace/casestudy-gunjan
[Pipeline] {
[Pipeline] stage
[Pipeline] { (Clean up)
[Pipeline] echo
Cleaning up the workspace...
[Pipeline] cleanWs
[WS-CLEANUP] Deleting project workspace...
[WS-CLEANUP] Deferred wipeout is used...
[WS-CLEANUP] done
[Pipeline] }
[Pipeline] // stage
[Pipeline] stage
[Pipeline] { (Preparation)
[Pipeline] echo
Preparing the Jenkins environment with required tools...
[Pipeline] tool
[Pipeline] tool
[Pipeline] tool
[Pipeline] }
[Pipeline] // stage
[Pipeline] stage
[Pipeline] { (git checkout)
[Pipeline] echo
Checking out the code from git repository...
[Pipeline] git
Selected Git installation does not exist. Using Default
The recommended git tool is: NONE
No credentials specified
Cloning the remote Git repository
Cloning repository https://github.com/Gunjan-dev/batch10-1.git
 > git init /var/lib/jenkins/workspace/casestudy-gunjan # timeout=10
Fetching upstream changes from https://github.com/Gunjan-dev/batch10-1.git
 > git --version # timeout=10
 > git --version # 'git version 2.17.1'
 > git fetch --tags --progress -- https://github.com/Gunjan-dev/batch10-1.git +refs/heads/*:refs/remotes/origin/* # timeout=10
 > git config remote.origin.url https://github.com/Gunjan-dev/batch10-1.git # timeout=10
 > git config --add remote.origin.fetch +refs/heads/*:refs/remotes/origin/* # timeout=10
Avoid second fetch
 > git rev-parse refs/remotes/origin/master^{commit} # timeout=10
Checking out Revision 7567f5adafcfe8ea00ee4597eeeeaeb7c824ac61 (refs/remotes/origin/master)
 > git config core.sparsecheckout # timeout=10
 > git checkout -f 7567f5adafcfe8ea00ee4597eeeeaeb7c824ac61 # timeout=10
 > git branch -a -v --no-abbrev # timeout=10
 > git checkout -b master 7567f5adafcfe8ea00ee4597eeeeaeb7c824ac61 # timeout=10
Commit message: "webhook push from gunjan-dev"
 > git rev-list --no-walk 0c3a8157226237d65038b3ec4da3cf55444b9032 # timeout=10
[Pipeline] }
[Pipeline] // stage
[Pipeline] stage
[Pipeline] { (Build, Test and Package)
[Pipeline] echo
Building the addressbook application...
[Pipeline] sh
+ /var/lib/jenkins/tools/hudson.tasks.Maven_MavenInstallation/maven3/bin/mvn clean package
[INFO] Scanning for projects...
[INFO] 
[INFO] -----------------------< com.casestudy:bootcamp >-----------------------
[INFO] Building bootcamp 0.0.1-SNAPSHOT
[INFO] --------------------------------[ jar ]---------------------------------
[INFO] 
[INFO] --- maven-clean-plugin:3.1.0:clean (default-clean) @ bootcamp ---
[INFO] 
[INFO] --- maven-resources-plugin:3.1.0:resources (default-resources) @ bootcamp ---
[INFO] Using 'UTF-8' encoding to copy filtered resources.
[INFO] Copying 1 resource
[INFO] Copying 1 resource
[INFO] 
[INFO] --- maven-compiler-plugin:3.8.1:compile (default-compile) @ bootcamp ---
[INFO] Changes detected - recompiling the module!
[INFO] Compiling 2 source files to /var/lib/jenkins/workspace/casestudy-gunjan/target/classes
[INFO] 
[INFO] --- maven-resources-plugin:3.1.0:testResources (default-testResources) @ bootcamp ---
[INFO] Using 'UTF-8' encoding to copy filtered resources.
[INFO] skip non existing resourceDirectory /var/lib/jenkins/workspace/casestudy-gunjan/src/test/resources
[INFO] 
[INFO] --- maven-compiler-plugin:3.8.1:testCompile (default-testCompile) @ bootcamp ---
[INFO] Changes detected - recompiling the module!
[INFO] Compiling 1 source file to /var/lib/jenkins/workspace/casestudy-gunjan/target/test-classes
[INFO] 
[INFO] --- maven-surefire-plugin:2.22.0:test (default-test) @ bootcamp ---
[INFO] 
[INFO] -------------------------------------------------------
[INFO]  T E S T S
[INFO] -------------------------------------------------------
[INFO] Running com.TestMessageController
06:36:48.547 [main] DEBUG org.springframework.test.context.BootstrapUtils - Instantiating CacheAwareContextLoaderDelegate from class [org.springframework.test.context.cache.DefaultCacheAwareContextLoaderDelegate]
06:36:48.581 [main] DEBUG org.springframework.test.context.BootstrapUtils - Instantiating BootstrapContext using constructor [public org.springframework.test.context.support.DefaultBootstrapContext(java.lang.Class,org.springframework.test.context.CacheAwareContextLoaderDelegate)]
06:36:48.621 [main] DEBUG org.springframework.test.context.BootstrapUtils - Instantiating TestContextBootstrapper for test class [com.TestMessageController] from class [org.springframework.boot.test.context.SpringBootTestContextBootstrapper]
06:36:48.653 [main] INFO org.springframework.boot.test.context.SpringBootTestContextBootstrapper - Neither @ContextConfiguration nor @ContextHierarchy found for test class [com.TestMessageController], using SpringBootContextLoader
06:36:48.660 [main] DEBUG org.springframework.test.context.support.AbstractContextLoader - Did not detect default resource location for test class [com.TestMessageController]: class path resource [com/TestMessageController-context.xml] does not exist
06:36:48.661 [main] DEBUG org.springframework.test.context.support.AbstractContextLoader - Did not detect default resource location for test class [com.TestMessageController]: class path resource [com/TestMessageControllerContext.groovy] does not exist
06:36:48.662 [main] INFO org.springframework.test.context.support.AbstractContextLoader - Could not detect default resource locations for test class [com.TestMessageController]: no resource found for suffixes {-context.xml, Context.groovy}.
06:36:48.663 [main] INFO org.springframework.test.context.support.AnnotationConfigContextLoaderUtils - Could not detect default configuration classes for test class [com.TestMessageController]: TestMessageController does not declare any static, non-private, non-final, nested classes annotated with @Configuration.
06:36:48.714 [main] DEBUG org.springframework.test.context.support.ActiveProfilesUtils - Could not find an 'annotation declaring class' for annotation type [org.springframework.test.context.ActiveProfiles] and class [com.TestMessageController]
06:36:48.824 [main] DEBUG org.springframework.context.annotation.ClassPathScanningCandidateComponentProvider - Identified candidate component class: file [/var/lib/jenkins/workspace/casestudy-gunjan/target/classes/com/Application.class]
06:36:48.829 [main] INFO org.springframework.boot.test.context.SpringBootTestContextBootstrapper - Found @SpringBootConfiguration com.Application for test class com.TestMessageController
06:36:48.956 [main] DEBUG org.springframework.boot.test.context.SpringBootTestContextBootstrapper - @TestExecutionListeners is not present for class [com.TestMessageController]: using defaults.
06:36:48.957 [main] INFO org.springframework.boot.test.context.SpringBootTestContextBootstrapper - Loaded default TestExecutionListener class names from location [META-INF/spring.factories]: [org.springframework.boot.test.mock.mockito.MockitoTestExecutionListener, org.springframework.boot.test.mock.mockito.ResetMocksTestExecutionListener, org.springframework.boot.test.autoconfigure.restdocs.RestDocsTestExecutionListener, org.springframework.boot.test.autoconfigure.web.client.MockRestServiceServerResetTestExecutionListener, org.springframework.boot.test.autoconfigure.web.servlet.MockMvcPrintOnlyOnFailureTestExecutionListener, org.springframework.boot.test.autoconfigure.web.servlet.WebDriverTestExecutionListener, org.springframework.test.context.web.ServletTestExecutionListener, org.springframework.test.context.support.DirtiesContextBeforeModesTestExecutionListener, org.springframework.test.context.support.DependencyInjectionTestExecutionListener, org.springframework.test.context.support.DirtiesContextTestExecutionListener, org.springframework.test.context.transaction.TransactionalTestExecutionListener, org.springframework.test.context.jdbc.SqlScriptsTestExecutionListener]
06:36:48.971 [main] DEBUG org.springframework.boot.test.context.SpringBootTestContextBootstrapper - Skipping candidate TestExecutionListener [org.springframework.test.context.transaction.TransactionalTestExecutionListener] due to a missing dependency. Specify custom listener classes or make the default listener classes and their required dependencies available. Offending class: [org/springframework/transaction/TransactionDefinition]
06:36:48.972 [main] DEBUG org.springframework.boot.test.context.SpringBootTestContextBootstrapper - Skipping candidate TestExecutionListener [org.springframework.test.context.jdbc.SqlScriptsTestExecutionListener] due to a missing dependency. Specify custom listener classes or make the default listener classes and their required dependencies available. Offending class: [org/springframework/transaction/interceptor/TransactionAttribute]
06:36:48.972 [main] INFO org.springframework.boot.test.context.SpringBootTestContextBootstrapper - Using TestExecutionListeners: [org.springframework.test.context.web.ServletTestExecutionListener@7748410a, org.springframework.test.context.support.DirtiesContextBeforeModesTestExecutionListener@740773a3, org.springframework.boot.test.mock.mockito.MockitoTestExecutionListener@37f1104d, org.springframework.boot.test.autoconfigure.SpringBootDependencyInjectionTestExecutionListener@55740540, org.springframework.test.context.support.DirtiesContextTestExecutionListener@60015ef5, org.springframework.boot.test.mock.mockito.ResetMocksTestExecutionListener@2f54a33d, org.springframework.boot.test.autoconfigure.restdocs.RestDocsTestExecutionListener@1018bde2, org.springframework.boot.test.autoconfigure.web.client.MockRestServiceServerResetTestExecutionListener@65b3f4a4, org.springframework.boot.test.autoconfigure.web.servlet.MockMvcPrintOnlyOnFailureTestExecutionListener@f2ff811, org.springframework.boot.test.autoconfigure.web.servlet.WebDriverTestExecutionListener@568ff82]
06:36:48.976 [main] DEBUG org.springframework.test.context.support.AbstractDirtiesContextTestExecutionListener - Before test class: context [DefaultTestContext@3cc1435c testClass = TestMessageController, testInstance = [null], testMethod = [null], testException = [null], mergedContextConfiguration = [WebMergedContextConfiguration@6bf0219d testClass = TestMessageController, locations = '{}', classes = '{class com.Application}', contextInitializerClasses = '[]', activeProfiles = '{}', propertySourceLocations = '{}', propertySourceProperties = '{org.springframework.boot.test.context.SpringBootTestContextBootstrapper=true}', contextCustomizers = set[org.springframework.boot.test.context.filter.ExcludeFilterContextCustomizer@4c6e276e, org.springframework.boot.test.json.DuplicateJsonObjectContextCustomizerFactory$DuplicateJsonObjectContextCustomizer@35083305, org.springframework.boot.test.mock.mockito.MockitoContextCustomizer@0, org.springframework.boot.test.web.client.TestRestTemplateContextCustomizer@548a102f, org.springframework.boot.test.autoconfigure.properties.PropertyMappingContextCustomizer@0, org.springframework.boot.test.autoconfigure.web.servlet.WebDriverContextCustomizerFactory$Customizer@55a561cf], resourceBasePath = 'src/main/webapp', contextLoader = 'org.springframework.boot.test.context.SpringBootContextLoader', parent = [null]], attributes = map['org.springframework.test.context.web.ServletTestExecutionListener.activateListener' -> true]], class annotated with @DirtiesContext [false] with mode [null].
06:36:49.004 [main] DEBUG org.springframework.test.context.support.TestPropertySourceUtils - Adding inlined properties to environment: {spring.jmx.enabled=false, org.springframework.boot.test.context.SpringBootTestContextBootstrapper=true, server.port=-1}

  .   ____          _            __ _ _
 /\\ / ___'_ __ _ _(_)_ __  __ _ \ \ \ \
( ( )\___ | '_ | '_| | '_ \/ _` | \ \ \ \
 \\/  ___)| |_)| | | | | || (_| |  ) ) ) )
  '  |____| .__|_| |_|_| |_\__, | / / / /
 =========|_|==============|___/=/_/_/_/
 :: Spring Boot ::        (v2.1.7.RELEASE)

2021-06-03 06:36:49.481  INFO 20278 --- [           main] com.TestMessageController                : Starting TestMessageController on gunjan556363 with PID 20278 (started by jenkins in /var/lib/jenkins/workspace/casestudy-gunjan)
2021-06-03 06:36:49.487  INFO 20278 --- [           main] com.TestMessageController                : No active profile set, falling back to default profiles: default
2021-06-03 06:36:53.444  INFO 20278 --- [           main] o.s.s.concurrent.ThreadPoolTaskExecutor  : Initializing ExecutorService 'applicationTaskExecutor'
2021-06-03 06:36:53.556  INFO 20278 --- [           main] o.s.b.a.w.s.WelcomePageHandlerMapping    : Adding welcome page: class path resource [static/index.html]
2021-06-03 06:36:53.781  INFO 20278 --- [           main] com.TestMessageController                : Started TestMessageController in 4.766 seconds (JVM running for 6.019)
2021-06-03 06:36:54.040  INFO 20278 --- [           main] com.MessageController                    : hello, its an info
2021-06-03 06:36:54.054  INFO 20278 --- [           main] com.MessageController                    : hello from test app1
[INFO] Tests run: 2, Failures: 0, Errors: 0, Skipped: 0, Time elapsed: 5.605 s - in com.TestMessageController
2021-06-03 06:36:54.085  INFO 20278 --- [       Thread-2] o.s.s.concurrent.ThreadPoolTaskExecutor  : Shutting down ExecutorService 'applicationTaskExecutor'
[INFO] 
[INFO] Results:
[INFO] 
[INFO] Tests run: 2, Failures: 0, Errors: 0, Skipped: 0
[INFO] 
[INFO] 
[INFO] --- maven-jar-plugin:3.1.2:jar (default-jar) @ bootcamp ---
[INFO] Building jar: /var/lib/jenkins/workspace/casestudy-gunjan/target/bootcamp-0.0.1-SNAPSHOT.jar
[INFO] 
[INFO] --- spring-boot-maven-plugin:2.1.7.RELEASE:repackage (repackage) @ bootcamp ---
[INFO] Replacing main artifact with repackaged archive
[INFO] 
[INFO] --- spring-boot-maven-plugin:2.1.7.RELEASE:repackage (default) @ bootcamp ---
[INFO] Replacing main artifact with repackaged archive
[INFO] ------------------------------------------------------------------------
[INFO] BUILD SUCCESS
[INFO] ------------------------------------------------------------------------
[INFO] Total time:  10.167 s
[INFO] Finished at: 2021-06-03T06:36:55Z
[INFO] ------------------------------------------------------------------------
[Pipeline] sh
+ /var/lib/jenkins/tools/hudson.tasks.Maven_MavenInstallation/maven3/bin/mvn test site
[INFO] Scanning for projects...
[INFO] 
[INFO] -----------------------< com.casestudy:bootcamp >-----------------------
[INFO] Building bootcamp 0.0.1-SNAPSHOT
[INFO] --------------------------------[ jar ]---------------------------------
[INFO] 
[INFO] --- maven-resources-plugin:3.1.0:resources (default-resources) @ bootcamp ---
[INFO] Using 'UTF-8' encoding to copy filtered resources.
[INFO] Copying 1 resource
[INFO] Copying 1 resource
[INFO] 
[INFO] --- maven-compiler-plugin:3.8.1:compile (default-compile) @ bootcamp ---
[INFO] Nothing to compile - all classes are up to date
[INFO] 
[INFO] --- maven-resources-plugin:3.1.0:testResources (default-testResources) @ bootcamp ---
[INFO] Using 'UTF-8' encoding to copy filtered resources.
[INFO] skip non existing resourceDirectory /var/lib/jenkins/workspace/casestudy-gunjan/src/test/resources
[INFO] 
[INFO] --- maven-compiler-plugin:3.8.1:testCompile (default-testCompile) @ bootcamp ---
[INFO] Nothing to compile - all classes are up to date
[INFO] 
[INFO] --- maven-surefire-plugin:2.22.0:test (default-test) @ bootcamp ---
[INFO] 
[INFO] -------------------------------------------------------
[INFO]  T E S T S
[INFO] -------------------------------------------------------
[INFO] Running com.TestMessageController
06:37:00.500 [main] DEBUG org.springframework.test.context.BootstrapUtils - Instantiating CacheAwareContextLoaderDelegate from class [org.springframework.test.context.cache.DefaultCacheAwareContextLoaderDelegate]
06:37:00.526 [main] DEBUG org.springframework.test.context.BootstrapUtils - Instantiating BootstrapContext using constructor [public org.springframework.test.context.support.DefaultBootstrapContext(java.lang.Class,org.springframework.test.context.CacheAwareContextLoaderDelegate)]
06:37:00.554 [main] DEBUG org.springframework.test.context.BootstrapUtils - Instantiating TestContextBootstrapper for test class [com.TestMessageController] from class [org.springframework.boot.test.context.SpringBootTestContextBootstrapper]
06:37:00.581 [main] INFO org.springframework.boot.test.context.SpringBootTestContextBootstrapper - Neither @ContextConfiguration nor @ContextHierarchy found for test class [com.TestMessageController], using SpringBootContextLoader
06:37:00.585 [main] DEBUG org.springframework.test.context.support.AbstractContextLoader - Did not detect default resource location for test class [com.TestMessageController]: class path resource [com/TestMessageController-context.xml] does not exist
06:37:00.586 [main] DEBUG org.springframework.test.context.support.AbstractContextLoader - Did not detect default resource location for test class [com.TestMessageController]: class path resource [com/TestMessageControllerContext.groovy] does not exist
06:37:00.586 [main] INFO org.springframework.test.context.support.AbstractContextLoader - Could not detect default resource locations for test class [com.TestMessageController]: no resource found for suffixes {-context.xml, Context.groovy}.
06:37:00.587 [main] INFO org.springframework.test.context.support.AnnotationConfigContextLoaderUtils - Could not detect default configuration classes for test class [com.TestMessageController]: TestMessageController does not declare any static, non-private, non-final, nested classes annotated with @Configuration.
06:37:00.653 [main] DEBUG org.springframework.test.context.support.ActiveProfilesUtils - Could not find an 'annotation declaring class' for annotation type [org.springframework.test.context.ActiveProfiles] and class [com.TestMessageController]
06:37:00.746 [main] DEBUG org.springframework.context.annotation.ClassPathScanningCandidateComponentProvider - Identified candidate component class: file [/var/lib/jenkins/workspace/casestudy-gunjan/target/classes/com/Application.class]
06:37:00.751 [main] INFO org.springframework.boot.test.context.SpringBootTestContextBootstrapper - Found @SpringBootConfiguration com.Application for test class com.TestMessageController
06:37:00.853 [main] DEBUG org.springframework.boot.test.context.SpringBootTestContextBootstrapper - @TestExecutionListeners is not present for class [com.TestMessageController]: using defaults.
06:37:00.854 [main] INFO org.springframework.boot.test.context.SpringBootTestContextBootstrapper - Loaded default TestExecutionListener class names from location [META-INF/spring.factories]: [org.springframework.boot.test.mock.mockito.MockitoTestExecutionListener, org.springframework.boot.test.mock.mockito.ResetMocksTestExecutionListener, org.springframework.boot.test.autoconfigure.restdocs.RestDocsTestExecutionListener, org.springframework.boot.test.autoconfigure.web.client.MockRestServiceServerResetTestExecutionListener, org.springframework.boot.test.autoconfigure.web.servlet.MockMvcPrintOnlyOnFailureTestExecutionListener, org.springframework.boot.test.autoconfigure.web.servlet.WebDriverTestExecutionListener, org.springframework.test.context.web.ServletTestExecutionListener, org.springframework.test.context.support.DirtiesContextBeforeModesTestExecutionListener, org.springframework.test.context.support.DependencyInjectionTestExecutionListener, org.springframework.test.context.support.DirtiesContextTestExecutionListener, org.springframework.test.context.transaction.TransactionalTestExecutionListener, org.springframework.test.context.jdbc.SqlScriptsTestExecutionListener]
06:37:00.865 [main] DEBUG org.springframework.boot.test.context.SpringBootTestContextBootstrapper - Skipping candidate TestExecutionListener [org.springframework.test.context.transaction.TransactionalTestExecutionListener] due to a missing dependency. Specify custom listener classes or make the default listener classes and their required dependencies available. Offending class: [org/springframework/transaction/TransactionDefinition]
06:37:00.866 [main] DEBUG org.springframework.boot.test.context.SpringBootTestContextBootstrapper - Skipping candidate TestExecutionListener [org.springframework.test.context.jdbc.SqlScriptsTestExecutionListener] due to a missing dependency. Specify custom listener classes or make the default listener classes and their required dependencies available. Offending class: [org/springframework/transaction/interceptor/TransactionAttribute]
06:37:00.866 [main] INFO org.springframework.boot.test.context.SpringBootTestContextBootstrapper - Using TestExecutionListeners: [org.springframework.test.context.web.ServletTestExecutionListener@7c83dc97, org.springframework.test.context.support.DirtiesContextBeforeModesTestExecutionListener@7748410a, org.springframework.boot.test.mock.mockito.MockitoTestExecutionListener@740773a3, org.springframework.boot.test.autoconfigure.SpringBootDependencyInjectionTestExecutionListener@37f1104d, org.springframework.test.context.support.DirtiesContextTestExecutionListener@55740540, org.springframework.boot.test.mock.mockito.ResetMocksTestExecutionListener@60015ef5, org.springframework.boot.test.autoconfigure.restdocs.RestDocsTestExecutionListener@2f54a33d, org.springframework.boot.test.autoconfigure.web.client.MockRestServiceServerResetTestExecutionListener@1018bde2, org.springframework.boot.test.autoconfigure.web.servlet.MockMvcPrintOnlyOnFailureTestExecutionListener@65b3f4a4, org.springframework.boot.test.autoconfigure.web.servlet.WebDriverTestExecutionListener@f2ff811]
06:37:00.871 [main] DEBUG org.springframework.test.context.support.AbstractDirtiesContextTestExecutionListener - Before test class: context [DefaultTestContext@236e3f4e testClass = TestMessageController, testInstance = [null], testMethod = [null], testException = [null], mergedContextConfiguration = [WebMergedContextConfiguration@3cc1435c testClass = TestMessageController, locations = '{}', classes = '{class com.Application}', contextInitializerClasses = '[]', activeProfiles = '{}', propertySourceLocations = '{}', propertySourceProperties = '{org.springframework.boot.test.context.SpringBootTestContextBootstrapper=true}', contextCustomizers = set[org.springframework.boot.test.context.filter.ExcludeFilterContextCustomizer@45f45fa1, org.springframework.boot.test.json.DuplicateJsonObjectContextCustomizerFactory$DuplicateJsonObjectContextCustomizer@52e677af, org.springframework.boot.test.mock.mockito.MockitoContextCustomizer@0, org.springframework.boot.test.web.client.TestRestTemplateContextCustomizer@2aece37d, org.springframework.boot.test.autoconfigure.properties.PropertyMappingContextCustomizer@0, org.springframework.boot.test.autoconfigure.web.servlet.WebDriverContextCustomizerFactory$Customizer@3d299e3], resourceBasePath = 'src/main/webapp', contextLoader = 'org.springframework.boot.test.context.SpringBootContextLoader', parent = [null]], attributes = map['org.springframework.test.context.web.ServletTestExecutionListener.activateListener' -> true]], class annotated with @DirtiesContext [false] with mode [null].
06:37:00.907 [main] DEBUG org.springframework.test.context.support.TestPropertySourceUtils - Adding inlined properties to environment: {spring.jmx.enabled=false, org.springframework.boot.test.context.SpringBootTestContextBootstrapper=true, server.port=-1}

  .   ____          _            __ _ _
 /\\ / ___'_ __ _ _(_)_ __  __ _ \ \ \ \
( ( )\___ | '_ | '_| | '_ \/ _` | \ \ \ \
 \\/  ___)| |_)| | | | | || (_| |  ) ) ) )
  '  |____| .__|_| |_|_| |_\__, | / / / /
 =========|_|==============|___/=/_/_/_/
 :: Spring Boot ::        (v2.1.7.RELEASE)

2021-06-03 06:37:01.197  INFO 20714 --- [           main] com.TestMessageController                : Starting TestMessageController on gunjan556363 with PID 20714 (started by jenkins in /var/lib/jenkins/workspace/casestudy-gunjan)
2021-06-03 06:37:01.199  INFO 20714 --- [           main] com.TestMessageController                : No active profile set, falling back to default profiles: default
2021-06-03 06:37:04.974  INFO 20714 --- [           main] o.s.s.concurrent.ThreadPoolTaskExecutor  : Initializing ExecutorService 'applicationTaskExecutor'
2021-06-03 06:37:05.197  INFO 20714 --- [           main] o.s.b.a.w.s.WelcomePageHandlerMapping    : Adding welcome page: class path resource [static/index.html]
2021-06-03 06:37:05.515  INFO 20714 --- [           main] com.TestMessageController                : Started TestMessageController in 4.596 seconds (JVM running for 5.636)
2021-06-03 06:37:05.840  INFO 20714 --- [           main] com.MessageController                    : hello, its an info
2021-06-03 06:37:05.867  INFO 20714 --- [           main] com.MessageController                    : hello from test app1
[INFO] Tests run: 2, Failures: 0, Errors: 0, Skipped: 0, Time elapsed: 5.452 s - in com.TestMessageController
2021-06-03 06:37:05.940  INFO 20714 --- [       Thread-2] o.s.s.concurrent.ThreadPoolTaskExecutor  : Shutting down ExecutorService 'applicationTaskExecutor'
[INFO] 
[INFO] Results:
[INFO] 
[INFO] Tests run: 2, Failures: 0, Errors: 0, Skipped: 0
[INFO] 
[INFO] 
[INFO] --- maven-site-plugin:3.7.1:site (default-site) @ bootcamp ---
[INFO] configuring report plugin org.apache.maven.plugins:maven-surefire-report-plugin:2.22.0
[INFO] preparing maven-surefire-report-plugin:report report requires '[surefire]test' forked phase execution
[INFO] 
[INFO] >>> maven-surefire-report-plugin:2.22.0:report > [surefire]test @ bootcamp >>>
[INFO] 
[INFO] --- maven-resources-plugin:3.1.0:resources (default-resources) @ bootcamp ---
[INFO] Using 'UTF-8' encoding to copy filtered resources.
[INFO] Copying 1 resource
[INFO] Copying 1 resource
[INFO] 
[INFO] --- maven-compiler-plugin:3.8.1:compile (default-compile) @ bootcamp ---
[INFO] Nothing to compile - all classes are up to date
[INFO] 
[INFO] --- maven-resources-plugin:3.1.0:testResources (default-testResources) @ bootcamp ---
[INFO] Using 'UTF-8' encoding to copy filtered resources.
[INFO] skip non existing resourceDirectory /var/lib/jenkins/workspace/casestudy-gunjan/src/test/resources
[INFO] 
[INFO] --- maven-compiler-plugin:3.8.1:testCompile (default-testCompile) @ bootcamp ---
[INFO] Nothing to compile - all classes are up to date
[INFO] 
[INFO] --- maven-surefire-plugin:2.22.0:test (default-test) @ bootcamp ---
[INFO] Skipping execution of surefire because it has already been run for this configuration
[INFO] 
[INFO] <<< maven-surefire-report-plugin:2.22.0:report < [surefire]test @ bootcamp <<<
[INFO] 
[INFO] '[surefire]test' forked phase execution for maven-surefire-report-plugin:report report preparation done
[INFO] 3 reports detected for maven-surefire-report-plugin:2.22.0: failsafe-report-only, report, report-only
[WARNING] Report plugin org.apache.maven.plugins:maven-project-info-reports-plugin has an empty version.
[WARNING] 
[WARNING] It is highly recommended to fix these problems because they threaten the stability of your build.
[WARNING] 
[WARNING] For this reason, future Maven versions might no longer support building such malformed projects.
[INFO] configuring report plugin org.apache.maven.plugins:maven-project-info-reports-plugin:3.1.2
[INFO] 15 reports detected for maven-project-info-reports-plugin:3.1.2: ci-management, dependencies, dependency-info, dependency-management, distribution-management, index, issue-management, licenses, mailing-lists, modules, plugin-management, plugins, scm, summary, team
[INFO] Rendering site with default locale English (en)
[WARNING] Unable to find a URL to the parent project. The parent menu will NOT be added.
[INFO] Relativizing decoration links with respect to localized project URL: https://projects.spring.io/spring-boot/#/spring-boot-starter-parent/bootcamp
[INFO] Rendering content with org.apache.maven.skins:maven-default-skin:jar:1.2 skin.
[INFO] Skipped "Surefire Report" report (maven-surefire-report-plugin:2.22.0:report-only), file "surefire-report.html" already exists.
[INFO] Generating "Surefire Report" report --- maven-surefire-report-plugin:2.22.0:report
[WARNING] Unable to locate Test Source XRef to link to - DISABLED
[INFO] Generating "Dependencies" report  --- maven-project-info-reports-plugin:3.1.2:dependencies
[INFO] Generating "Dependency Information" report --- maven-project-info-reports-plugin:3.1.2:dependency-info
[INFO] Generating "Dependency Management" report --- maven-project-info-reports-plugin:3.1.2:dependency-management
[WARNING] Unable to create Maven project for com.fasterxml.jackson.module:jackson-module-scala_2.10:jar:2.9.9 from repository.
[WARNING] Unable to create Maven project for com.fasterxml.jackson.module:jackson-module-scala_2.11:jar:2.9.9 from repository.
[WARNING] Unable to create Maven project for com.fasterxml.jackson.module:jackson-module-scala_2.12:jar:2.9.9 from repository.
Downloading from maven-default-http-blocker: http://0.0.0.0/org/sonatype/plugins/nexus-staging-maven-plugin/maven-metadata.xml
[WARNING] Could not transfer metadata org.sonatype.plugins:nexus-staging-maven-plugin/maven-metadata.xml from/to maven-default-http-blocker (http://0.0.0.0/): transfer failed for http://0.0.0.0/org/sonatype/plugins/nexus-staging-maven-plugin/maven-metadata.xml
[WARNING] org.sonatype.plugins:nexus-staging-maven-plugin/maven-metadata.xmlfailed to transfer from http://0.0.0.0/ during a previous attempt. This failure was cached in the local repository and resolution will not be reattempted until the update interval of maven-default-http-blocker has elapsed or updates are forced. Original error: Could not transfer metadata org.sonatype.plugins:nexus-staging-maven-plugin/maven-metadata.xml from/to maven-default-http-blocker (http://0.0.0.0/): transfer failed for http://0.0.0.0/org/sonatype/plugins/nexus-staging-maven-plugin/maven-metadata.xml
[WARNING] Unable to create Maven project for org.postgresql:postgresql:jar:42.2.6 from repository.
[INFO] Generating "About" report         --- maven-project-info-reports-plugin:3.1.2:index
[INFO] Generating "Licenses" report      --- maven-project-info-reports-plugin:3.1.2:licenses
[INFO] Generating "Plugin Management" report --- maven-project-info-reports-plugin:3.1.2:plugin-management
[INFO] Could not build project for: lifecycle-mapping:Error resolving project artifact: org.eclipse.m2e:lifecycle-mapping:pom:1.0.0 was not found in https://repo.maven.apache.org/maven2 during a previous attempt. This failure was cached in the local repository and resolution is not reattempted until the update interval of central has elapsed or updates are forced for project org.eclipse.m2e:lifecycle-mapping:pom:1.0.0
org.apache.maven.project.ProjectBuildingException: Error resolving project artifact: org.eclipse.m2e:lifecycle-mapping:pom:1.0.0 was not found in https://repo.maven.apache.org/maven2 during a previous attempt. This failure was cached in the local repository and resolution is not reattempted until the update interval of central has elapsed or updates are forced for project org.eclipse.m2e:lifecycle-mapping:pom:1.0.0
    at org.apache.maven.project.DefaultProjectBuilder.build (DefaultProjectBuilder.java:330)
    at org.apache.maven.project.DefaultProjectBuilder.build (DefaultProjectBuilder.java:299)
    at org.apache.maven.report.projectinfo.PluginManagementReport$PluginManagementRenderer.renderSectionPluginManagement (PluginManagementReport.java:230)
    at org.apache.maven.report.projectinfo.PluginManagementReport$PluginManagementRenderer.renderBody (PluginManagementReport.java:192)
    at org.apache.maven.reporting.AbstractMavenReportRenderer.render (AbstractMavenReportRenderer.java:80)
    at org.apache.maven.report.projectinfo.PluginManagementReport.executeReport (PluginManagementReport.java:79)
    at org.apache.maven.reporting.AbstractMavenReport.generate (AbstractMavenReport.java:251)
    at org.apache.maven.plugins.site.render.ReportDocumentRenderer.renderDocument (ReportDocumentRenderer.java:230)
    at org.apache.maven.doxia.siterenderer.DefaultSiteRenderer.render (DefaultSiteRenderer.java:349)
    at org.apache.maven.plugins.site.render.SiteMojo.renderLocale (SiteMojo.java:198)
    at org.apache.maven.plugins.site.render.SiteMojo.execute (SiteMojo.java:147)
    at org.apache.maven.plugin.DefaultBuildPluginManager.executeMojo (DefaultBuildPluginManager.java:137)
    at org.apache.maven.lifecycle.internal.MojoExecutor.execute (MojoExecutor.java:210)
    at org.apache.maven.lifecycle.internal.MojoExecutor.execute (MojoExecutor.java:156)
    at org.apache.maven.lifecycle.internal.MojoExecutor.execute (MojoExecutor.java:148)
    at org.apache.maven.lifecycle.internal.LifecycleModuleBuilder.buildProject (LifecycleModuleBuilder.java:117)
    at org.apache.maven.lifecycle.internal.LifecycleModuleBuilder.buildProject (LifecycleModuleBuilder.java:81)
    at org.apache.maven.lifecycle.internal.builder.singlethreaded.SingleThreadedBuilder.build (SingleThreadedBuilder.java:56)
    at org.apache.maven.lifecycle.internal.LifecycleStarter.execute (LifecycleStarter.java:128)
    at org.apache.maven.DefaultMaven.doExecute (DefaultMaven.java:305)
    at org.apache.maven.DefaultMaven.doExecute (DefaultMaven.java:192)
    at org.apache.maven.DefaultMaven.execute (DefaultMaven.java:105)
    at org.apache.maven.cli.MavenCli.execute (MavenCli.java:957)
    at org.apache.maven.cli.MavenCli.doMain (MavenCli.java:289)
    at org.apache.maven.cli.MavenCli.main (MavenCli.java:193)
    at sun.reflect.NativeMethodAccessorImpl.invoke0 (Native Method)
    at sun.reflect.NativeMethodAccessorImpl.invoke (NativeMethodAccessorImpl.java:62)
    at sun.reflect.DelegatingMethodAccessorImpl.invoke (DelegatingMethodAccessorImpl.java:43)
    at java.lang.reflect.Method.invoke (Method.java:498)
    at org.codehaus.plexus.classworlds.launcher.Launcher.launchEnhanced (Launcher.java:282)
    at org.codehaus.plexus.classworlds.launcher.Launcher.launch (Launcher.java:225)
    at org.codehaus.plexus.classworlds.launcher.Launcher.mainWithExitCode (Launcher.java:406)
    at org.codehaus.plexus.classworlds.launcher.Launcher.main (Launcher.java:347)
Caused by: org.eclipse.aether.resolution.ArtifactResolutionException: org.eclipse.m2e:lifecycle-mapping:pom:1.0.0 was not found in https://repo.maven.apache.org/maven2 during a previous attempt. This failure was cached in the local repository and resolution is not reattempted until the update interval of central has elapsed or updates are forced
    at org.eclipse.aether.internal.impl.DefaultArtifactResolver.resolve (DefaultArtifactResolver.java:424)
    at org.eclipse.aether.internal.impl.DefaultArtifactResolver.resolveArtifacts (DefaultArtifactResolver.java:229)
    at org.eclipse.aether.internal.impl.DefaultArtifactResolver.resolveArtifact (DefaultArtifactResolver.java:207)
    at org.eclipse.aether.internal.impl.DefaultRepositorySystem.resolveArtifact (DefaultRepositorySystem.java:262)
    at org.apache.maven.project.DefaultProjectBuilder.build (DefaultProjectBuilder.java:318)
    at org.apache.maven.project.DefaultProjectBuilder.build (DefaultProjectBuilder.java:299)
    at org.apache.maven.report.projectinfo.PluginManagementReport$PluginManagementRenderer.renderSectionPluginManagement (PluginManagementReport.java:230)
    at org.apache.maven.report.projectinfo.PluginManagementReport$PluginManagementRenderer.renderBody (PluginManagementReport.java:192)
    at org.apache.maven.reporting.AbstractMavenReportRenderer.render (AbstractMavenReportRenderer.java:80)
    at org.apache.maven.report.projectinfo.PluginManagementReport.executeReport (PluginManagementReport.java:79)
    at org.apache.maven.reporting.AbstractMavenReport.generate (AbstractMavenReport.java:251)
    at org.apache.maven.plugins.site.render.ReportDocumentRenderer.renderDocument (ReportDocumentRenderer.java:230)
    at org.apache.maven.doxia.siterenderer.DefaultSiteRenderer.render (DefaultSiteRenderer.java:349)
    at org.apache.maven.plugins.site.render.SiteMojo.renderLocale (SiteMojo.java:198)
    at org.apache.maven.plugins.site.render.SiteMojo.execute (SiteMojo.java:147)
    at org.apache.maven.plugin.DefaultBuildPluginManager.executeMojo (DefaultBuildPluginManager.java:137)
    at org.apache.maven.lifecycle.internal.MojoExecutor.execute (MojoExecutor.java:210)
    at org.apache.maven.lifecycle.internal.MojoExecutor.execute (MojoExecutor.java:156)
    at org.apache.maven.lifecycle.internal.MojoExecutor.execute (MojoExecutor.java:148)
    at org.apache.maven.lifecycle.internal.LifecycleModuleBuilder.buildProject (LifecycleModuleBuilder.java:117)
    at org.apache.maven.lifecycle.internal.LifecycleModuleBuilder.buildProject (LifecycleModuleBuilder.java:81)
    at org.apache.maven.lifecycle.internal.builder.singlethreaded.SingleThreadedBuilder.build (SingleThreadedBuilder.java:56)
    at org.apache.maven.lifecycle.internal.LifecycleStarter.execute (LifecycleStarter.java:128)
    at org.apache.maven.DefaultMaven.doExecute (DefaultMaven.java:305)
    at org.apache.maven.DefaultMaven.doExecute (DefaultMaven.java:192)
    at org.apache.maven.DefaultMaven.execute (DefaultMaven.java:105)
    at org.apache.maven.cli.MavenCli.execute (MavenCli.java:957)
    at org.apache.maven.cli.MavenCli.doMain (MavenCli.java:289)
    at org.apache.maven.cli.MavenCli.main (MavenCli.java:193)
    at sun.reflect.NativeMethodAccessorImpl.invoke0 (Native Method)
    at sun.reflect.NativeMethodAccessorImpl.invoke (NativeMethodAccessorImpl.java:62)
    at sun.reflect.DelegatingMethodAccessorImpl.invoke (DelegatingMethodAccessorImpl.java:43)
    at java.lang.reflect.Method.invoke (Method.java:498)
    at org.codehaus.plexus.classworlds.launcher.Launcher.launchEnhanced (Launcher.java:282)
    at org.codehaus.plexus.classworlds.launcher.Launcher.launch (Launcher.java:225)
    at org.codehaus.plexus.classworlds.launcher.Launcher.mainWithExitCode (Launcher.java:406)
    at org.codehaus.plexus.classworlds.launcher.Launcher.main (Launcher.java:347)
Caused by: org.eclipse.aether.transfer.ArtifactNotFoundException: org.eclipse.m2e:lifecycle-mapping:pom:1.0.0 was not found in https://repo.maven.apache.org/maven2 during a previous attempt. This failure was cached in the local repository and resolution is not reattempted until the update interval of central has elapsed or updates are forced
    at org.eclipse.aether.internal.impl.DefaultUpdateCheckManager.newException (DefaultUpdateCheckManager.java:217)
    at org.eclipse.aether.internal.impl.DefaultUpdateCheckManager.checkArtifact (DefaultUpdateCheckManager.java:189)
    at org.eclipse.aether.internal.impl.DefaultArtifactResolver.gatherDownloads (DefaultArtifactResolver.java:573)
    at org.eclipse.aether.internal.impl.DefaultArtifactResolver.performDownloads (DefaultArtifactResolver.java:483)
    at org.eclipse.aether.internal.impl.DefaultArtifactResolver.resolve (DefaultArtifactResolver.java:401)
    at org.eclipse.aether.internal.impl.DefaultArtifactResolver.resolveArtifacts (DefaultArtifactResolver.java:229)
    at org.eclipse.aether.internal.impl.DefaultArtifactResolver.resolveArtifact (DefaultArtifactResolver.java:207)
    at org.eclipse.aether.internal.impl.DefaultRepositorySystem.resolveArtifact (DefaultRepositorySystem.java:262)
    at org.apache.maven.project.DefaultProjectBuilder.build (DefaultProjectBuilder.java:318)
    at org.apache.maven.project.DefaultProjectBuilder.build (DefaultProjectBuilder.java:299)
    at org.apache.maven.report.projectinfo.PluginManagementReport$PluginManagementRenderer.renderSectionPluginManagement (PluginManagementReport.java:230)
    at org.apache.maven.report.projectinfo.PluginManagementReport$PluginManagementRenderer.renderBody (PluginManagementReport.java:192)
    at org.apache.maven.reporting.AbstractMavenReportRenderer.render (AbstractMavenReportRenderer.java:80)
    at org.apache.maven.report.projectinfo.PluginManagementReport.executeReport (PluginManagementReport.java:79)
    at org.apache.maven.reporting.AbstractMavenReport.generate (AbstractMavenReport.java:251)
    at org.apache.maven.plugins.site.render.ReportDocumentRenderer.renderDocument (ReportDocumentRenderer.java:230)
    at org.apache.maven.doxia.siterenderer.DefaultSiteRenderer.render (DefaultSiteRenderer.java:349)
    at org.apache.maven.plugins.site.render.SiteMojo.renderLocale (SiteMojo.java:198)
    at org.apache.maven.plugins.site.render.SiteMojo.execute (SiteMojo.java:147)
    at org.apache.maven.plugin.DefaultBuildPluginManager.executeMojo (DefaultBuildPluginManager.java:137)
    at org.apache.maven.lifecycle.internal.MojoExecutor.execute (MojoExecutor.java:210)
    at org.apache.maven.lifecycle.internal.MojoExecutor.execute (MojoExecutor.java:156)
    at org.apache.maven.lifecycle.internal.MojoExecutor.execute (MojoExecutor.java:148)
    at org.apache.maven.lifecycle.internal.LifecycleModuleBuilder.buildProject (LifecycleModuleBuilder.java:117)
    at org.apache.maven.lifecycle.internal.LifecycleModuleBuilder.buildProject (LifecycleModuleBuilder.java:81)
    at org.apache.maven.lifecycle.internal.builder.singlethreaded.SingleThreadedBuilder.build (SingleThreadedBuilder.java:56)
    at org.apache.maven.lifecycle.internal.LifecycleStarter.execute (LifecycleStarter.java:128)
    at org.apache.maven.DefaultMaven.doExecute (DefaultMaven.java:305)
    at org.apache.maven.DefaultMaven.doExecute (DefaultMaven.java:192)
    at org.apache.maven.DefaultMaven.execute (DefaultMaven.java:105)
    at org.apache.maven.cli.MavenCli.execute (MavenCli.java:957)
    at org.apache.maven.cli.MavenCli.doMain (MavenCli.java:289)
    at org.apache.maven.cli.MavenCli.main (MavenCli.java:193)
    at sun.reflect.NativeMethodAccessorImpl.invoke0 (Native Method)
    at sun.reflect.NativeMethodAccessorImpl.invoke (NativeMethodAccessorImpl.java:62)
    at sun.reflect.DelegatingMethodAccessorImpl.invoke (DelegatingMethodAccessorImpl.java:43)
    at java.lang.reflect.Method.invoke (Method.java:498)
    at org.codehaus.plexus.classworlds.launcher.Launcher.launchEnhanced (Launcher.java:282)
    at org.codehaus.plexus.classworlds.launcher.Launcher.launch (Launcher.java:225)
    at org.codehaus.plexus.classworlds.launcher.Launcher.mainWithExitCode (Launcher.java:406)
    at org.codehaus.plexus.classworlds.launcher.Launcher.main (Launcher.java:347)
[INFO] Generating "Plugins" report       --- maven-project-info-reports-plugin:3.1.2:plugins
[INFO] Generating "Source Code Management" report --- maven-project-info-reports-plugin:3.1.2:scm
[INFO] Generating "Summary" report       --- maven-project-info-reports-plugin:3.1.2:summary
[INFO] Generating "Team" report          --- maven-project-info-reports-plugin:3.1.2:team
[INFO] ------------------------------------------------------------------------
[INFO] BUILD SUCCESS
[INFO] ------------------------------------------------------------------------
[INFO] Total time:  38.910 s
[INFO] Finished at: 2021-06-03T06:37:36Z
[INFO] ------------------------------------------------------------------------
[Pipeline] }
[Pipeline] // stage
[Pipeline] stage
[Pipeline] { (Sonar Scan)
[Pipeline] echo
Scanning application for vulnerabilities...
[Pipeline] withSonarQubeEnv
Injecting SonarQube environment variables using the configuration: SonarCubeServer
[Pipeline] {
[Pipeline] sh
+ /var/lib/jenkins/tools/hudson.plugins.sonar.SonarRunnerInstallation/SonarCubeScanner/bin/sonar-scanner -Dsonar.organization=gunjan-dev -Dsonar.java.binaries=. -Dsonar.projectKey=batch10 -Dsonar.sources=.
INFO: Scanner configuration file: /var/lib/jenkins/tools/hudson.plugins.sonar.SonarRunnerInstallation/SonarCubeScanner/conf/sonar-scanner.properties
INFO: Project root configuration file: NONE
INFO: SonarScanner 4.6.2.2472
INFO: Java 1.8.0_292 Private Build (64-bit)
INFO: Linux 5.4.0-1043-gcp amd64
INFO: User cache: /var/lib/jenkins/.sonar/cache
INFO: Scanner configuration file: /var/lib/jenkins/tools/hudson.plugins.sonar.SonarRunnerInstallation/SonarCubeScanner/conf/sonar-scanner.properties
INFO: Project root configuration file: NONE
INFO: Analyzing on SonarQube server 8.9.0
INFO: Default locale: "en", source code encoding: "UTF-8" (analysis is platform dependent)
WARN: SonarScanner will require Java 11 to run, starting in SonarQube 9.x
INFO: Load global settings
INFO: Load global settings (done) | time=156ms
INFO: Server id: BF41A1F2-AXnQijZDGupF66NPPBeA
INFO: User cache: /var/lib/jenkins/.sonar/cache
INFO: Load/download plugins
INFO: Load plugins index
INFO: Load plugins index (done) | time=99ms
INFO: Load/download plugins (done) | time=149ms
INFO: Process project properties
INFO: Process project properties (done) | time=15ms
INFO: Execute project builders
INFO: Execute project builders (done) | time=2ms
INFO: Project key: batch10
INFO: Base dir: /var/lib/jenkins/workspace/casestudy-gunjan
INFO: Working dir: /var/lib/jenkins/workspace/casestudy-gunjan/.scannerwork
INFO: Load project settings for component key: 'batch10'
INFO: Load project settings for component key: 'batch10' (done) | time=66ms
INFO: Auto-configuring with CI 'Jenkins'
INFO: Load quality profiles
INFO: Load quality profiles (done) | time=96ms
INFO: Auto-configuring with CI 'Jenkins'
INFO: Load active rules
INFO: Load active rules (done) | time=2437ms
INFO: Indexing files...
INFO: Project configuration:
INFO: Load project repositories
INFO: Load project repositories (done) | time=92ms
INFO: 53 files indexed
INFO: 0 files ignored because of scm ignore settings
INFO: Quality profile for css: Sonar way
INFO: Quality profile for java: Sonar way
INFO: Quality profile for web: Sonar way
INFO: Quality profile for xml: Sonar way
INFO: ------------- Run sensors on module batch10
INFO: Load metrics repository
INFO: Load metrics repository (done) | time=77ms
INFO: Sensor JavaSquidSensor [java]
INFO: Configured Java source version (sonar.java.source): none
INFO: JavaClasspath initialization
INFO: JavaClasspath initialization (done) | time=22ms
INFO: JavaTestClasspath initialization
INFO: JavaTestClasspath initialization (done) | time=0ms
INFO: Java Main Files AST scan
INFO: 3 source files to be analyzed
INFO: 3/3 source files have been analyzed
WARN: Dependencies/libraries were not provided for analysis of SOURCE files. The 'sonar.java.libraries' property is empty. Verify your configuration, as you might end up with less precise results.
WARN: Unresolved imports/types have been detected during analysis. Enable DEBUG mode to see them.
INFO: Java Main Files AST scan (done) | time=1772ms
INFO: Java Test Files AST scan
INFO: 0 source files to be analyzed
INFO: 0/0 source files have been analyzed
INFO: Java Test Files AST scan (done) | time=2ms
INFO: Java Generated Files AST scan
INFO: 0 source files to be analyzed
INFO: 0/0 source files have been analyzed
INFO: Java Generated Files AST scan (done) | time=3ms
INFO: Sensor JavaSquidSensor [java] (done) | time=2518ms
INFO: Sensor CSS Metrics [cssfamily]
INFO: Sensor CSS Metrics [cssfamily] (done) | time=76ms
INFO: Sensor CSS Rules [cssfamily]
ERROR: CSS rules were not executed. Error when running: 'node -v'. Is Node.js available during analysis?
org.sonarsource.nodejs.NodeCommandException: Error when running: 'node -v'. Is Node.js available during analysis?
	at org.sonarsource.nodejs.NodeCommand.start(NodeCommand.java:81)
	at org.sonarsource.nodejs.NodeCommandBuilderImpl.getVersion(NodeCommandBuilderImpl.java:181)
	at org.sonarsource.nodejs.NodeCommandBuilderImpl.checkNodeCompatibility(NodeCommandBuilderImpl.java:159)
	at org.sonarsource.nodejs.NodeCommandBuilderImpl.build(NodeCommandBuilderImpl.java:134)
	at org.sonar.css.plugin.server.CssAnalyzerBridgeServer.initNodeCommand(CssAnalyzerBridgeServer.java:157)
	at org.sonar.css.plugin.server.CssAnalyzerBridgeServer.startServer(CssAnalyzerBridgeServer.java:107)
	at org.sonar.css.plugin.server.CssAnalyzerBridgeServer.startServerLazily(CssAnalyzerBridgeServer.java:177)
	at org.sonar.css.plugin.CssRuleSensor.execute(CssRuleSensor.java:99)
	at org.sonar.scanner.sensor.AbstractSensorWrapper.analyse(AbstractSensorWrapper.java:48)
	at org.sonar.scanner.sensor.ModuleSensorsExecutor.execute(ModuleSensorsExecutor.java:85)
	at org.sonar.scanner.sensor.ModuleSensorsExecutor.lambda$execute$1(ModuleSensorsExecutor.java:59)
	at org.sonar.scanner.sensor.ModuleSensorsExecutor.withModuleStrategy(ModuleSensorsExecutor.java:77)
	at org.sonar.scanner.sensor.ModuleSensorsExecutor.execute(ModuleSensorsExecutor.java:59)
	at org.sonar.scanner.scan.ModuleScanContainer.doAfterStart(ModuleScanContainer.java:82)
	at org.sonar.core.platform.ComponentContainer.startComponents(ComponentContainer.java:137)
	at org.sonar.core.platform.ComponentContainer.execute(ComponentContainer.java:123)
	at org.sonar.scanner.scan.ProjectScanContainer.scan(ProjectScanContainer.java:392)
	at org.sonar.scanner.scan.ProjectScanContainer.scanRecursively(ProjectScanContainer.java:388)
	at org.sonar.scanner.scan.ProjectScanContainer.doAfterStart(ProjectScanContainer.java:357)
	at org.sonar.core.platform.ComponentContainer.startComponents(ComponentContainer.java:137)
	at org.sonar.core.platform.ComponentContainer.execute(ComponentContainer.java:123)
	at org.sonar.scanner.bootstrap.GlobalContainer.doAfterStart(GlobalContainer.java:150)
	at org.sonar.core.platform.ComponentContainer.startComponents(ComponentContainer.java:137)
	at org.sonar.core.platform.ComponentContainer.execute(ComponentContainer.java:123)
	at org.sonar.batch.bootstrapper.Batch.doExecute(Batch.java:72)
	at org.sonar.batch.bootstrapper.Batch.execute(Batch.java:66)
	at org.sonarsource.scanner.api.internal.batch.BatchIsolatedLauncher.execute(BatchIsolatedLauncher.java:46)
	at sun.reflect.NativeMethodAccessorImpl.invoke0(Native Method)
	at sun.reflect.NativeMethodAccessorImpl.invoke(NativeMethodAccessorImpl.java:62)
	at sun.reflect.DelegatingMethodAccessorImpl.invoke(DelegatingMethodAccessorImpl.java:43)
	at java.lang.reflect.Method.invoke(Method.java:498)
	at org.sonarsource.scanner.api.internal.IsolatedLauncherProxy.invoke(IsolatedLauncherProxy.java:60)
	at com.sun.proxy.$Proxy0.execute(Unknown Source)
	at org.sonarsource.scanner.api.EmbeddedScanner.doExecute(EmbeddedScanner.java:189)
	at org.sonarsource.scanner.api.EmbeddedScanner.execute(EmbeddedScanner.java:138)
	at org.sonarsource.scanner.cli.Main.execute(Main.java:112)
	at org.sonarsource.scanner.cli.Main.execute(Main.java:75)
	at org.sonarsource.scanner.cli.Main.main(Main.java:61)
Caused by: java.io.IOException: Cannot run program "node": error=2, No such file or directory
	at java.lang.ProcessBuilder.start(ProcessBuilder.java:1048)
	at org.sonarsource.nodejs.NodeCommand$ProcessWrapperImpl.start(NodeCommand.java:162)
	at org.sonarsource.nodejs.NodeCommand.start(NodeCommand.java:77)
	... 37 common frames omitted
Caused by: java.io.IOException: error=2, No such file or directory
	at java.lang.UNIXProcess.forkAndExec(Native Method)
	at java.lang.UNIXProcess.<init>(UNIXProcess.java:247)
	at java.lang.ProcessImpl.start(ProcessImpl.java:134)
	at java.lang.ProcessBuilder.start(ProcessBuilder.java:1029)
	... 39 common frames omitted

INFO: Sensor CSS Rules [cssfamily] (done) | time=709ms
INFO: Sensor JaCoCo XML Report Importer [jacoco]
INFO: 'sonar.coverage.jacoco.xmlReportPaths' is not defined. Using default locations: target/site/jacoco/jacoco.xml,target/site/jacoco-it/jacoco.xml,build/reports/jacoco/test/jacocoTestReport.xml
INFO: No report imported, no coverage information will be imported by JaCoCo XML Report Importer
INFO: Sensor JaCoCo XML Report Importer [jacoco] (done) | time=4ms
INFO: Sensor C# Project Type Information [csharp]
INFO: Sensor C# Project Type Information [csharp] (done) | time=1ms
INFO: Sensor C# Properties [csharp]
INFO: Sensor C# Properties [csharp] (done) | time=1ms
INFO: Sensor SurefireSensor [java]
INFO: parsing [/var/lib/jenkins/workspace/casestudy-gunjan/target/surefire-reports]
INFO: Sensor SurefireSensor [java] (done) | time=70ms
INFO: Sensor JavaXmlSensor [java]
INFO: 2 source files to be analyzed
INFO: 2/2 source files have been analyzed
INFO: Sensor JavaXmlSensor [java] (done) | time=202ms
INFO: Sensor HTML [web]
INFO: Sensor HTML [web] (done) | time=1547ms
INFO: Sensor XML Sensor [xml]
INFO: 2 source files to be analyzed
INFO: 2/2 source files have been analyzed
INFO: Sensor XML Sensor [xml] (done) | time=223ms
INFO: Sensor VB.NET Project Type Information [vbnet]
INFO: Sensor VB.NET Project Type Information [vbnet] (done) | time=1ms
INFO: Sensor VB.NET Properties [vbnet]
INFO: Sensor VB.NET Properties [vbnet] (done) | time=1ms
INFO: ------------- Run sensors on project
INFO: Sensor Zero Coverage Sensor
INFO: Sensor Zero Coverage Sensor (done) | time=16ms
INFO: Sensor Java CPD Block Indexer
INFO: Sensor Java CPD Block Indexer (done) | time=29ms
INFO: SCM Publisher SCM provider for this project is: git
INFO: SCM Publisher 19 source files to be analyzed
INFO: SCM Publisher 0/19 source files have been analyzed (done) | time=137ms
WARN: Missing blame information for the following files:
WARN:   * target/site/css/site.css
WARN:   * target/site/dependency-info.html
WARN:   * target/site/scm.html
WARN:   * target/site/plugins.html
WARN:   * target/site/surefire-report.html
WARN:   * target/site/dependencies.html
WARN:   * target/site/css/maven-theme.css
WARN:   * target/site/project-reports.html
WARN:   * target/site/css/print.css
WARN:   * target/site/dependency-management.html
WARN:   * target/site/index.html
WARN:   * target/site/css/maven-base.css
WARN:   * target/site/plugin-management.html
WARN:   * target/site/licenses.html
WARN:   * target/site/summary.html
WARN:   * target/site/team.html
WARN:   * target/classes/static/index.html
WARN:   * target/surefire-reports/TEST-com.TestMessageController.xml
WARN:   * target/site/project-info.html
WARN: This may lead to missing/broken features in SonarQube
INFO: CPD Executor 1 file had no CPD blocks
INFO: CPD Executor Calculating CPD for 17 files
INFO: CPD Executor CPD calculation finished (done) | time=194ms
INFO: Analysis report generated in 166ms, dir size=1 MB
INFO: Analysis report compressed in 129ms, zip size=258 KB
INFO: Analysis report uploaded in 95ms
INFO: ANALYSIS SUCCESSFUL, you can browse http://34.122.199.187:9000/dashboard?id=batch10
INFO: Note that you will be able to access the updated dashboard once the server has processed the submitted analysis report
INFO: More about the report processing at http://34.122.199.187:9000/api/ce/task?id=AXnQl6gwGupF66NPPGPC
INFO: Analysis total time: 12.159 s
INFO: ------------------------------------------------------------------------
INFO: EXECUTION SUCCESS
INFO: ------------------------------------------------------------------------
INFO: Total time: 13.701s
INFO: Final Memory: 22M/413M
INFO: ------------------------------------------------------------------------
[Pipeline] }
[Pipeline] // withSonarQubeEnv
[Pipeline] }
[Pipeline] // stage
[Pipeline] stage
[Pipeline] { (publishHtml")
[Pipeline] publishHTML
[htmlpublisher] Archiving HTML reports...
[htmlpublisher] Archiving at PROJECT level /var/lib/jenkins/workspace/casestudy-gunjan/target/site to /var/lib/jenkins/jobs/casestudy-gunjan/htmlreports/HTML_20Report
[Pipeline] }
[Pipeline] // stage
[Pipeline] stage
[Pipeline] { (Build Docker Image)
[Pipeline] echo
Building docker image for test application ...
[Pipeline] sh
+ /var/lib/jenkins/tools/org.jenkinsci.plugins.docker.commons.tools.DockerTool/Dockertool/bin/docker build -t gunmail88/gunrepo:2.0 .
Sending build context to Docker daemon  45.89MB

Step 1/6 : FROM java:8-jdk-alpine
 ---> 3fd9dd82815c
Step 2/6 : COPY ./target/bootcamp-0.0.1-SNAPSHOT.jar /usr/app/
 ---> ace8ce9c5487
Step 3/6 : WORKDIR /usr/app
 ---> Running in 4154e2a937bd
Removing intermediate container 4154e2a937bd
 ---> 38055d2c6d58
Step 4/6 : RUN sh -c 'touch bootcamp-0.0.1-SNAPSHOT.jar'
 ---> Running in 4a10b3d58415
Removing intermediate container 4a10b3d58415
 ---> de74269d4b56
Step 5/6 : ENTRYPOINT ["java", "-jar", "bootcamp-0.0.1-SNAPSHOT.jar", "--server.port=8080"]
 ---> Running in d8df4d3d4bc2
Removing intermediate container d8df4d3d4bc2
 ---> e2eb1ea0c7a4
Step 6/6 : EXPOSE 8080
 ---> Running in b85d396d6266
Removing intermediate container b85d396d6266
 ---> b7f64598aefa
Successfully built b7f64598aefa
Successfully tagged gunmail88/gunrepo:2.0
[Pipeline] }
[Pipeline] // stage
[Pipeline] stage
[Pipeline] { (Push Docker Image to Docker Registry)
[Pipeline] echo
Pushing image to docker hub
[Pipeline] withCredentials
Masking supported pattern matches of $dockerHubPwd
[Pipeline] {
[Pipeline] sh
Warning: A secret was passed to "sh" using Groovy String interpolation, which is insecure.
		 Affected argument(s) used the following variable(s): [dockerHubPwd]
		 See https://jenkins.io/redirect/groovy-string-interpolation for details.
+ /var/lib/jenkins/tools/org.jenkinsci.plugins.docker.commons.tools.DockerTool/Dockertool/bin/docker login -u gunmail88 -p ****
Login Succeeded
[Pipeline] sh
+ /var/lib/jenkins/tools/org.jenkinsci.plugins.docker.commons.tools.DockerTool/Dockertool/bin/docker push gunmail88/gunrepo:2.0
The push refers to repository [docker.io/gunmail88/gunrepo]
7f2311500832: Preparing
8372535a72c7: Preparing
a1e7033f082e: Preparing
78075328e0da: Preparing
9f8566ee5135: Preparing
78075328e0da: Layer already exists
9f8566ee5135: Layer already exists
a1e7033f082e: Layer already exists
8372535a72c7: Pushed
7f2311500832: Pushed
2.0: digest: sha256:6e9e3cfbc7e7e6256d23ab1df75f387f64d5e318b4f0f6ea50820880daf5730a size: 1371
[Pipeline] }
[Pipeline] // withCredentials
[Pipeline] }
[Pipeline] // stage
[Pipeline] stage
[Pipeline] { (Deploy Application)
[Pipeline] echo
Installing desired software..
[Pipeline] echo
Bring docker service up and running
[Pipeline] echo
Deploying addressbook application
[Pipeline] ansiblePlaybook
[casestudy-gunjan] $ /usr/bin/ansible-playbook config-deploy-playbook.yml -i /etc/ansible/hosts --private-key /var/lib/jenkins/workspace/casestudy-gunjan/ssh8339635884143050001.key -u himanshu321988

PLAY [all] *********************************************************************

TASK [Gathering Facts] *********************************************************
ok: [10.138.0.3]

TASK [install maven] ***********************************************************
ok: [10.138.0.3]

TASK [install tomcat] **********************************************************
ok: [10.138.0.3]

TASK [install docker] **********************************************************
ok: [10.138.0.3]

TASK [start docker service] ****************************************************
ok: [10.138.0.3]

TASK [deploy addressbook application] ******************************************
[WARNING]: Consider using 'become', 'become_method', and 'become_user' rather
than running sudo
changed: [10.138.0.3]

PLAY RECAP *********************************************************************
10.138.0.3                 : ok=6    changed=1    unreachable=0    failed=0    skipped=0    rescued=0    ignored=0   

[Pipeline] }
[Pipeline] // stage
[Pipeline] stage
[Pipeline] { (set success build status for email)
[Pipeline] }
[Pipeline] // stage
[Pipeline] }
[Pipeline] // node
[Pipeline] node
Running on Jenkins in /var/lib/jenkins/workspace/casestudy-gunjan
[Pipeline] {
[Pipeline] echo
finally gets executed and end an email notification for every build
[Pipeline] mail
[Pipeline] }
[Pipeline] // node
[Pipeline] End of Pipeline
Finished: SUCCESS